;http://data.biometeo.it/PRATO/PRATO_ITA.xml salvato
;http://data.biometeo.it/PRATO/PRATO_ENG.xml salvato
;http://www.sir.toscana.it/supports/xml/risks_395/20150904.xml non correttamente scaricato
2015-09-04 06:09:52;http://data.biometeo.it/PRATO/PRATO_ITA.xml salvato
2015-09-04 06:09:52;http://data.biometeo.it/PRATO/PRATO_ENG.xml salvato
2015-09-04 06:09:53;http://www.sir.toscana.it/supports/xml/risks_395/20150904.xml non correttamente scaricato
2015-09-04 17:55:56;http://data.biometeo.it/PRATO/PRATO_ITA.xml salvato
2015-09-04 17:55:58;http://data.biometeo.it/PRATO/PRATO_ENG.xml salvato
2015-09-04 17:56:02;http://www.sir.toscana.it/supports/xml/risks_395/20150904.xml salvato
2015-09-22 13:32:14;http://page2rss.com/rss/28dbb41c5e425167e4d73bf1b00dd7cd salvato
2015-09-22 11:33:13;http://data.biometeo.it/PRATO/PRATO_ITA.xml salvato
2015-09-22 11:33:16;http://data.biometeo.it/PRATO/PRATO_ENG.xml salvato
2015-09-22 11:33:17;http://www.lamma.rete.toscana.it/previ/ita/xml/comuni_web/dati/prato.xml salvato
2015-09-22 11:33:17;http://www.sir.toscana.it/supports/xml/risks_395/20150922.xml salvato
2015-09-22 11:33:19;C:\Users\Matteo\Documents\GitHub\Emergenzeprato/data/IDROMETRIA_Bisenzio_Prato.jpg salvato
2015-09-22 11:33:20;C:\Users\Matteo\Documents\GitHub\Emergenzeprato/data/IDROMETRIA_Bisenzio_Vaiano_Gamberame.jpg salvato
2015-09-22 11:33:26;C:\Users\Matteo\Documents\GitHub\Emergenzeprato/data/IDROMETRIA_Ombrone_PonteAlleVanne.jpg salvato
2015-09-22 11:33:28;C:\Users\Matteo\Documents\GitHub\Emergenzeprato/data/IDROMETRIA_Ombrone_PoggioACaiano.jpg salvato
2015-09-22 11:33:28;C:\Users\Matteo\Documents\GitHub\Emergenzeprato/data/PLUVIOMETRIA_Prato_Città.jpg salvato
2015-09-22 11:33:28;C:\Users\Matteo\Documents\GitHub\Emergenzeprato/data/PLUVIOMETRIA_Prato_Università.jpg salvato
2015-09-22 11:33:29;C:\Users\Matteo\Documents\GitHub\Emergenzeprato/data/PLUVIOMETRIA_Galceti_Montemurlo.jpg salvato
2015-09-22 11:33:29;C:\Users\Matteo\Documents\GitHub\Emergenzeprato/data/PLUVIOMETRIA_Vaiano_Gamberame.jpg salvato
2015-09-22 11:33:30;C:\Users\Matteo\Documents\GitHub\Emergenzeprato/data/PLUVIOMETRIA_Vaiano_Acquedotto.jpg salvato
2015-09-22 11:33:30;C:\Users\Matteo\Documents\GitHub\Emergenzeprato/data/PLUVIOMETRIA_Fattoria_Iavello_Montemurlo.jpg salvato
2015-09-22 11:33:31;C:\Users\Matteo\Documents\GitHub\Emergenzeprato/data/PLUVIOMETRIA_Cantagallo.jpg salvato
2015-09-22 11:33:31;C:\Users\Matteo\Documents\GitHub\Emergenzeprato/data/TERMOMETRIA_Prato_Università.jpg salvato
2015-09-22 11:33:31;C:\Users\Matteo\Documents\GitHub\Emergenzeprato/data/TERMOMETIRIA_Galceti_Montemurlo.jpg salvato
2015-09-22 11:33:32;C:\Users\Matteo\Documents\GitHub\Emergenzeprato/data/ANEMOMETRIA_Prato_Università.jpg salvato
2015-09-22 11:33:33;C:\Users\Matteo\Documents\GitHub\Emergenzeprato/data/ANEMOMETRIA_Galceti_Montemurlo.jpg salvato
2015-09-22 11:33:33;C:\Users\Matteo\Documents\GitHub\Emergenzeprato/data/IGROMETRIA_Prato_Città.jpg salvato
2015-09-22 11:33:34;C:\Users\Matteo\Documents\GitHub\Emergenzeprato/data/IGROMETRIA_Galceti_Montemurlo.jpg salvato
2015-09-22 11:33:34;C:\Users\Matteo\Documents\GitHub\Emergenzeprato/data/IGROMETRIA_Vaiano_Acquedotto.jpg salvato
2015-09-22 15:17:36;http://page2rss.com/rss/28dbb41c5e425167e4d73bf1b00dd7cd salvato
